<?xml version="1.0" encoding="UTF-8"?>
<testsuite xmlns:xsi="http://www.w3.org/2001/XMLSchema-instance" xsi:noNamespaceSchemaLocation="https://maven.apache.org/surefire/maven-surefire-plugin/xsd/surefire-test-report-3.0.xsd" version="3.0" name="com.wasl.drooldemo.DynamicRuleServiceTest" time="1.875" tests="1" errors="0" skipped="0" failures="0">
  <properties>
    <property name="java.specification.version" value="21"/>
    <property name="sun.jnu.encoding" value="UTF-8"/>
    <property name="java.class.path" value="/Users/hossein/Downloads/Updated_Project_Mongo/target/test-classes:/Users/hossein/Downloads/Updated_Project_Mongo/target/classes:/Users/hossein/.m2/repository/org/springframework/boot/spring-boot-starter-web/3.1.2/spring-boot-starter-web-3.1.2.jar:/Users/hossein/.m2/repository/org/springframework/boot/spring-boot-starter/3.1.2/spring-boot-starter-3.1.2.jar:/Users/hossein/.m2/repository/jakarta/annotation/jakarta.annotation-api/2.1.1/jakarta.annotation-api-2.1.1.jar:/Users/hossein/.m2/repository/org/yaml/snakeyaml/1.33/snakeyaml-1.33.jar:/Users/hossein/.m2/repository/org/springframework/boot/spring-boot-starter-json/3.1.2/spring-boot-starter-json-3.1.2.jar:/Users/hossein/.m2/repository/com/fasterxml/jackson/core/jackson-databind/2.15.2/jackson-databind-2.15.2.jar:/Users/hossein/.m2/repository/com/fasterxml/jackson/core/jackson-core/2.15.2/jackson-core-2.15.2.jar:/Users/hossein/.m2/repository/com/fasterxml/jackson/datatype/jackson-datatype-jdk8/2.15.2/jackson-datatype-jdk8-2.15.2.jar:/Users/hossein/.m2/repository/com/fasterxml/jackson/datatype/jackson-datatype-jsr310/2.15.2/jackson-datatype-jsr310-2.15.2.jar:/Users/hossein/.m2/repository/com/fasterxml/jackson/module/jackson-module-parameter-names/2.15.2/jackson-module-parameter-names-2.15.2.jar:/Users/hossein/.m2/repository/org/springframework/boot/spring-boot-starter-tomcat/3.1.2/spring-boot-starter-tomcat-3.1.2.jar:/Users/hossein/.m2/repository/org/apache/tomcat/embed/tomcat-embed-core/10.1.11/tomcat-embed-core-10.1.11.jar:/Users/hossein/.m2/repository/org/apache/tomcat/embed/tomcat-embed-websocket/10.1.11/tomcat-embed-websocket-10.1.11.jar:/Users/hossein/.m2/repository/org/springframework/spring-web/6.0.11/spring-web-6.0.11.jar:/Users/hossein/.m2/repository/org/springframework/spring-beans/6.0.11/spring-beans-6.0.11.jar:/Users/hossein/.m2/repository/org/springframework/spring-webmvc/6.0.11/spring-webmvc-6.0.11.jar:/Users/hossein/.m2/repository/org/springframework/spring-context/6.0.11/spring-context-6.0.11.jar:/Users/hossein/.m2/repository/org/springframework/spring-expression/6.0.11/spring-expression-6.0.11.jar:/Users/hossein/.m2/repository/org/springframework/boot/spring-boot-starter-data-mongodb/3.1.2/spring-boot-starter-data-mongodb-3.1.2.jar:/Users/hossein/.m2/repository/org/mongodb/mongodb-driver-sync/4.9.1/mongodb-driver-sync-4.9.1.jar:/Users/hossein/.m2/repository/org/mongodb/bson/4.9.1/bson-4.9.1.jar:/Users/hossein/.m2/repository/org/mongodb/mongodb-driver-core/4.9.1/mongodb-driver-core-4.9.1.jar:/Users/hossein/.m2/repository/org/mongodb/bson-record-codec/4.9.1/bson-record-codec-4.9.1.jar:/Users/hossein/.m2/repository/org/springframework/data/spring-data-mongodb/4.1.2/spring-data-mongodb-4.1.2.jar:/Users/hossein/.m2/repository/org/springframework/spring-tx/6.0.11/spring-tx-6.0.11.jar:/Users/hossein/.m2/repository/org/springframework/data/spring-data-commons/3.1.2/spring-data-commons-3.1.2.jar:/Users/hossein/.m2/repository/org/springframework/boot/spring-boot-starter-validation/3.1.2/spring-boot-starter-validation-3.1.2.jar:/Users/hossein/.m2/repository/org/apache/tomcat/embed/tomcat-embed-el/10.1.11/tomcat-embed-el-10.1.11.jar:/Users/hossein/.m2/repository/org/hibernate/validator/hibernate-validator/8.0.1.Final/hibernate-validator-8.0.1.Final.jar:/Users/hossein/.m2/repository/jakarta/validation/jakarta.validation-api/3.0.2/jakarta.validation-api-3.0.2.jar:/Users/hossein/.m2/repository/org/jboss/logging/jboss-logging/3.5.3.Final/jboss-logging-3.5.3.Final.jar:/Users/hossein/.m2/repository/com/fasterxml/classmate/1.5.1/classmate-1.5.1.jar:/Users/hossein/.m2/repository/org/springframework/boot/spring-boot-starter-thymeleaf/3.1.2/spring-boot-starter-thymeleaf-3.1.2.jar:/Users/hossein/.m2/repository/org/thymeleaf/thymeleaf-spring6/3.1.1.RELEASE/thymeleaf-spring6-3.1.1.RELEASE.jar:/Users/hossein/.m2/repository/org/thymeleaf/thymeleaf/3.1.1.RELEASE/thymeleaf-3.1.1.RELEASE.jar:/Users/hossein/.m2/repository/org/attoparser/attoparser/2.0.6.RELEASE/attoparser-2.0.6.RELEASE.jar:/Users/hossein/.m2/repository/org/unbescape/unbescape/1.1.6.RELEASE/unbescape-1.1.6.RELEASE.jar:/Users/hossein/.m2/repository/org/springframework/boot/spring-boot-starter-test/3.1.2/spring-boot-starter-test-3.1.2.jar:/Users/hossein/.m2/repository/org/springframework/boot/spring-boot-test/3.1.2/spring-boot-test-3.1.2.jar:/Users/hossein/.m2/repository/org/springframework/boot/spring-boot-test-autoconfigure/3.1.2/spring-boot-test-autoconfigure-3.1.2.jar:/Users/hossein/.m2/repository/com/jayway/jsonpath/json-path/2.8.0/json-path-2.8.0.jar:/Users/hossein/.m2/repository/jakarta/xml/bind/jakarta.xml.bind-api/4.0.0/jakarta.xml.bind-api-4.0.0.jar:/Users/hossein/.m2/repository/jakarta/activation/jakarta.activation-api/2.1.2/jakarta.activation-api-2.1.2.jar:/Users/hossein/.m2/repository/net/minidev/json-smart/2.4.11/json-smart-2.4.11.jar:/Users/hossein/.m2/repository/net/minidev/accessors-smart/2.4.11/accessors-smart-2.4.11.jar:/Users/hossein/.m2/repository/org/ow2/asm/asm/9.3/asm-9.3.jar:/Users/hossein/.m2/repository/org/assertj/assertj-core/3.24.2/assertj-core-3.24.2.jar:/Users/hossein/.m2/repository/net/bytebuddy/byte-buddy/1.14.5/byte-buddy-1.14.5.jar:/Users/hossein/.m2/repository/org/hamcrest/hamcrest/2.2/hamcrest-2.2.jar:/Users/hossein/.m2/repository/org/junit/jupiter/junit-jupiter/5.9.3/junit-jupiter-5.9.3.jar:/Users/hossein/.m2/repository/org/junit/jupiter/junit-jupiter-api/5.9.3/junit-jupiter-api-5.9.3.jar:/Users/hossein/.m2/repository/org/opentest4j/opentest4j/1.2.0/opentest4j-1.2.0.jar:/Users/hossein/.m2/repository/org/junit/platform/junit-platform-commons/1.9.3/junit-platform-commons-1.9.3.jar:/Users/hossein/.m2/repository/org/apiguardian/apiguardian-api/1.1.2/apiguardian-api-1.1.2.jar:/Users/hossein/.m2/repository/org/junit/jupiter/junit-jupiter-params/5.9.3/junit-jupiter-params-5.9.3.jar:/Users/hossein/.m2/repository/org/junit/jupiter/junit-jupiter-engine/5.9.3/junit-jupiter-engine-5.9.3.jar:/Users/hossein/.m2/repository/org/junit/platform/junit-platform-engine/1.9.3/junit-platform-engine-1.9.3.jar:/Users/hossein/.m2/repository/org/mockito/mockito-core/5.3.1/mockito-core-5.3.1.jar:/Users/hossein/.m2/repository/net/bytebuddy/byte-buddy-agent/1.14.5/byte-buddy-agent-1.14.5.jar:/Users/hossein/.m2/repository/org/objenesis/objenesis/3.3/objenesis-3.3.jar:/Users/hossein/.m2/repository/org/mockito/mockito-junit-jupiter/5.3.1/mockito-junit-jupiter-5.3.1.jar:/Users/hossein/.m2/repository/org/skyscreamer/jsonassert/1.5.1/jsonassert-1.5.1.jar:/Users/hossein/.m2/repository/com/vaadin/external/google/android-json/0.0.20131108.vaadin1/android-json-0.0.20131108.vaadin1.jar:/Users/hossein/.m2/repository/org/springframework/spring-core/6.0.11/spring-core-6.0.11.jar:/Users/hossein/.m2/repository/org/springframework/spring-jcl/6.0.11/spring-jcl-6.0.11.jar:/Users/hossein/.m2/repository/org/springframework/spring-test/6.0.11/spring-test-6.0.11.jar:/Users/hossein/.m2/repository/org/xmlunit/xmlunit-core/2.9.1/xmlunit-core-2.9.1.jar:/Users/hossein/.m2/repository/org/springframework/boot/spring-boot-devtools/3.1.2/spring-boot-devtools-3.1.2.jar:/Users/hossein/.m2/repository/org/springframework/boot/spring-boot/3.1.2/spring-boot-3.1.2.jar:/Users/hossein/.m2/repository/org/springframework/boot/spring-boot-autoconfigure/3.1.2/spring-boot-autoconfigure-3.1.2.jar:/Users/hossein/.m2/repository/org/springframework/boot/spring-boot-starter-security/3.1.2/spring-boot-starter-security-3.1.2.jar:/Users/hossein/.m2/repository/org/springframework/spring-aop/6.0.11/spring-aop-6.0.11.jar:/Users/hossein/.m2/repository/org/springframework/security/spring-security-config/6.1.2/spring-security-config-6.1.2.jar:/Users/hossein/.m2/repository/org/springframework/security/spring-security-core/6.1.2/spring-security-core-6.1.2.jar:/Users/hossein/.m2/repository/org/springframework/security/spring-security-crypto/6.1.2/spring-security-crypto-6.1.2.jar:/Users/hossein/.m2/repository/org/springframework/security/spring-security-web/6.1.2/spring-security-web-6.1.2.jar:/Users/hossein/.m2/repository/org/springframework/boot/spring-boot-starter-actuator/3.1.2/spring-boot-starter-actuator-3.1.2.jar:/Users/hossein/.m2/repository/org/springframework/boot/spring-boot-actuator-autoconfigure/3.1.2/spring-boot-actuator-autoconfigure-3.1.2.jar:/Users/hossein/.m2/repository/org/springframework/boot/spring-boot-actuator/3.1.2/spring-boot-actuator-3.1.2.jar:/Users/hossein/.m2/repository/io/micrometer/micrometer-observation/1.11.2/micrometer-observation-1.11.2.jar:/Users/hossein/.m2/repository/io/micrometer/micrometer-commons/1.11.2/micrometer-commons-1.11.2.jar:/Users/hossein/.m2/repository/io/micrometer/micrometer-core/1.11.2/micrometer-core-1.11.2.jar:/Users/hossein/.m2/repository/org/hdrhistogram/HdrHistogram/2.1.12/HdrHistogram-2.1.12.jar:/Users/hossein/.m2/repository/org/latencyutils/LatencyUtils/2.0.3/LatencyUtils-2.0.3.jar:/Users/hossein/.m2/repository/org/springframework/boot/spring-boot-starter-data-rest/3.1.2/spring-boot-starter-data-rest-3.1.2.jar:/Users/hossein/.m2/repository/org/springframework/data/spring-data-rest-webmvc/4.1.2/spring-data-rest-webmvc-4.1.2.jar:/Users/hossein/.m2/repository/org/springframework/data/spring-data-rest-core/4.1.2/spring-data-rest-core-4.1.2.jar:/Users/hossein/.m2/repository/org/springframework/hateoas/spring-hateoas/2.1.2/spring-hateoas-2.1.2.jar:/Users/hossein/.m2/repository/org/springframework/plugin/spring-plugin-core/3.0.0/spring-plugin-core-3.0.0.jar:/Users/hossein/.m2/repository/org/atteo/evo-inflector/1.3/evo-inflector-1.3.jar:/Users/hossein/.m2/repository/com/fasterxml/jackson/core/jackson-annotations/2.15.2/jackson-annotations-2.15.2.jar:/Users/hossein/.m2/repository/org/springframework/boot/spring-boot-starter-logging/3.1.2/spring-boot-starter-logging-3.1.2.jar:/Users/hossein/.m2/repository/ch/qos/logback/logback-classic/1.4.8/logback-classic-1.4.8.jar:/Users/hossein/.m2/repository/ch/qos/logback/logback-core/1.4.8/logback-core-1.4.8.jar:/Users/hossein/.m2/repository/org/apache/logging/log4j/log4j-to-slf4j/2.20.0/log4j-to-slf4j-2.20.0.jar:/Users/hossein/.m2/repository/org/apache/logging/log4j/log4j-api/2.20.0/log4j-api-2.20.0.jar:/Users/hossein/.m2/repository/org/slf4j/jul-to-slf4j/2.0.7/jul-to-slf4j-2.0.7.jar:/Users/hossein/.m2/repository/org/springframework/boot/spring-boot-starter-mail/3.1.2/spring-boot-starter-mail-3.1.2.jar:/Users/hossein/.m2/repository/org/springframework/spring-context-support/6.0.11/spring-context-support-6.0.11.jar:/Users/hossein/.m2/repository/org/eclipse/angus/jakarta.mail/1.1.0/jakarta.mail-1.1.0.jar:/Users/hossein/.m2/repository/org/eclipse/angus/angus-activation/2.0.1/angus-activation-2.0.1.jar:/Users/hossein/.m2/repository/org/kie/kie-api/8.38.0.Final/kie-api-8.38.0.Final.jar:/Users/hossein/.m2/repository/org/slf4j/slf4j-api/2.0.7/slf4j-api-2.0.7.jar:/Users/hossein/.m2/repository/org/drools/drools-core/8.38.0.Final/drools-core-8.38.0.Final.jar:/Users/hossein/.m2/repository/org/kie/kie-internal/8.38.0.Final/kie-internal-8.38.0.Final.jar:/Users/hossein/.m2/repository/org/kie/kie-util-xml/8.38.0.Final/kie-util-xml-8.38.0.Final.jar:/Users/hossein/.m2/repository/org/drools/drools-wiring-api/8.38.0.Final/drools-wiring-api-8.38.0.Final.jar:/Users/hossein/.m2/repository/org/drools/drools-wiring-static/8.38.0.Final/drools-wiring-static-8.38.0.Final.jar:/Users/hossein/.m2/repository/org/drools/drools-io/8.38.0.Final/drools-io-8.38.0.Final.jar:/Users/hossein/.m2/repository/org/drools/drools-util/8.38.0.Final/drools-util-8.38.0.Final.jar:/Users/hossein/.m2/repository/commons-codec/commons-codec/1.15/commons-codec-1.15.jar:/Users/hossein/.m2/repository/org/drools/drools-compiler/8.38.0.Final/drools-compiler-8.38.0.Final.jar:/Users/hossein/.m2/repository/org/drools/drools-drl-parser/8.38.0.Final/drools-drl-parser-8.38.0.Final.jar:/Users/hossein/.m2/repository/org/drools/drools-drl-extensions/8.38.0.Final/drools-drl-extensions-8.38.0.Final.jar:/Users/hossein/.m2/repository/org/drools/drools-drl-ast/8.38.0.Final/drools-drl-ast-8.38.0.Final.jar:/Users/hossein/.m2/repository/org/drools/drools-kiesession/8.38.0.Final/drools-kiesession-8.38.0.Final.jar:/Users/hossein/.m2/repository/org/kie/kie-memory-compiler/8.38.0.Final/kie-memory-compiler-8.38.0.Final.jar:/Users/hossein/.m2/repository/org/drools/drools-ecj/8.38.0.Final/drools-ecj-8.38.0.Final.jar:/Users/hossein/.m2/repository/org/kie/kie-util-maven-support/8.38.0.Final/kie-util-maven-support-8.38.0.Final.jar:/Users/hossein/.m2/repository/org/antlr/antlr-runtime/3.5.2/antlr-runtime-3.5.2.jar:/Users/hossein/.m2/repository/org/drools/drools-decisiontables/8.38.0.Final/drools-decisiontables-8.38.0.Final.jar:/Users/hossein/.m2/repository/org/drools/drools-templates/8.38.0.Final/drools-templates-8.38.0.Final.jar:/Users/hossein/.m2/repository/org/mvel/mvel2/2.4.15.Final/mvel2-2.4.15.Final.jar:/Users/hossein/.m2/repository/org/apache/poi/poi-ooxml/5.1.0/poi-ooxml-5.1.0.jar:/Users/hossein/.m2/repository/org/apache/poi/poi-ooxml-lite/5.1.0/poi-ooxml-lite-5.1.0.jar:/Users/hossein/.m2/repository/org/apache/xmlbeans/xmlbeans/5.0.2/xmlbeans-5.0.2.jar:/Users/hossein/.m2/repository/org/apache/commons/commons-compress/1.21/commons-compress-1.21.jar:/Users/hossein/.m2/repository/commons-io/commons-io/2.11.0/commons-io-2.11.0.jar:/Users/hossein/.m2/repository/com/github/virtuald/curvesapi/1.06/curvesapi-1.06.jar:/Users/hossein/.m2/repository/org/apache/commons/commons-collections4/4.4/commons-collections4-4.4.jar:/Users/hossein/.m2/repository/org/apache/poi/poi/5.1.0/poi-5.1.0.jar:/Users/hossein/.m2/repository/org/apache/commons/commons-math3/3.6.1/commons-math3-3.6.1.jar:/Users/hossein/.m2/repository/com/zaxxer/SparseBitSet/1.2/SparseBitSet-1.2.jar:/Users/hossein/.m2/repository/org/projectlombok/lombok/1.18.34/lombok-1.18.34.jar:"/>
    <property name="java.vm.vendor" value="Amazon.com Inc."/>
    <property name="sun.arch.data.model" value="64"/>
    <property name="java.vendor.url" value="https://aws.amazon.com/corretto/"/>
    <property name="user.timezone" value="Asia/Tehran"/>
    <property name="os.name" value="Mac OS X"/>
    <property name="java.vm.specification.version" value="21"/>
    <property name="sun.java.launcher" value="SUN_STANDARD"/>
    <property name="user.country" value="IR"/>
    <property name="sun.boot.library.path" value="/Users/hossein/Library/Java/JavaVirtualMachines/corretto-21.0.4/Contents/Home/lib"/>
    <property name="sun.java.command" value="/Users/hossein/Downloads/Updated_Project_Mongo/target/surefire/surefirebooter-20240802122531171_3.jar /Users/hossein/Downloads/Updated_Project_Mongo/target/surefire 2024-08-02T12-25-31_052-jvmRun1 surefire-20240802122531171_1tmp surefire_0-20240802122531171_2tmp"/>
    <property name="jdk.debug" value="release"/>
    <property name="surefire.test.class.path" value="/Users/hossein/Downloads/Updated_Project_Mongo/target/test-classes:/Users/hossein/Downloads/Updated_Project_Mongo/target/classes:/Users/hossein/.m2/repository/org/springframework/boot/spring-boot-starter-web/3.1.2/spring-boot-starter-web-3.1.2.jar:/Users/hossein/.m2/repository/org/springframework/boot/spring-boot-starter/3.1.2/spring-boot-starter-3.1.2.jar:/Users/hossein/.m2/repository/jakarta/annotation/jakarta.annotation-api/2.1.1/jakarta.annotation-api-2.1.1.jar:/Users/hossein/.m2/repository/org/yaml/snakeyaml/1.33/snakeyaml-1.33.jar:/Users/hossein/.m2/repository/org/springframework/boot/spring-boot-starter-json/3.1.2/spring-boot-starter-json-3.1.2.jar:/Users/hossein/.m2/repository/com/fasterxml/jackson/core/jackson-databind/2.15.2/jackson-databind-2.15.2.jar:/Users/hossein/.m2/repository/com/fasterxml/jackson/core/jackson-core/2.15.2/jackson-core-2.15.2.jar:/Users/hossein/.m2/repository/com/fasterxml/jackson/datatype/jackson-datatype-jdk8/2.15.2/jackson-datatype-jdk8-2.15.2.jar:/Users/hossein/.m2/repository/com/fasterxml/jackson/datatype/jackson-datatype-jsr310/2.15.2/jackson-datatype-jsr310-2.15.2.jar:/Users/hossein/.m2/repository/com/fasterxml/jackson/module/jackson-module-parameter-names/2.15.2/jackson-module-parameter-names-2.15.2.jar:/Users/hossein/.m2/repository/org/springframework/boot/spring-boot-starter-tomcat/3.1.2/spring-boot-starter-tomcat-3.1.2.jar:/Users/hossein/.m2/repository/org/apache/tomcat/embed/tomcat-embed-core/10.1.11/tomcat-embed-core-10.1.11.jar:/Users/hossein/.m2/repository/org/apache/tomcat/embed/tomcat-embed-websocket/10.1.11/tomcat-embed-websocket-10.1.11.jar:/Users/hossein/.m2/repository/org/springframework/spring-web/6.0.11/spring-web-6.0.11.jar:/Users/hossein/.m2/repository/org/springframework/spring-beans/6.0.11/spring-beans-6.0.11.jar:/Users/hossein/.m2/repository/org/springframework/spring-webmvc/6.0.11/spring-webmvc-6.0.11.jar:/Users/hossein/.m2/repository/org/springframework/spring-context/6.0.11/spring-context-6.0.11.jar:/Users/hossein/.m2/repository/org/springframework/spring-expression/6.0.11/spring-expression-6.0.11.jar:/Users/hossein/.m2/repository/org/springframework/boot/spring-boot-starter-data-mongodb/3.1.2/spring-boot-starter-data-mongodb-3.1.2.jar:/Users/hossein/.m2/repository/org/mongodb/mongodb-driver-sync/4.9.1/mongodb-driver-sync-4.9.1.jar:/Users/hossein/.m2/repository/org/mongodb/bson/4.9.1/bson-4.9.1.jar:/Users/hossein/.m2/repository/org/mongodb/mongodb-driver-core/4.9.1/mongodb-driver-core-4.9.1.jar:/Users/hossein/.m2/repository/org/mongodb/bson-record-codec/4.9.1/bson-record-codec-4.9.1.jar:/Users/hossein/.m2/repository/org/springframework/data/spring-data-mongodb/4.1.2/spring-data-mongodb-4.1.2.jar:/Users/hossein/.m2/repository/org/springframework/spring-tx/6.0.11/spring-tx-6.0.11.jar:/Users/hossein/.m2/repository/org/springframework/data/spring-data-commons/3.1.2/spring-data-commons-3.1.2.jar:/Users/hossein/.m2/repository/org/springframework/boot/spring-boot-starter-validation/3.1.2/spring-boot-starter-validation-3.1.2.jar:/Users/hossein/.m2/repository/org/apache/tomcat/embed/tomcat-embed-el/10.1.11/tomcat-embed-el-10.1.11.jar:/Users/hossein/.m2/repository/org/hibernate/validator/hibernate-validator/8.0.1.Final/hibernate-validator-8.0.1.Final.jar:/Users/hossein/.m2/repository/jakarta/validation/jakarta.validation-api/3.0.2/jakarta.validation-api-3.0.2.jar:/Users/hossein/.m2/repository/org/jboss/logging/jboss-logging/3.5.3.Final/jboss-logging-3.5.3.Final.jar:/Users/hossein/.m2/repository/com/fasterxml/classmate/1.5.1/classmate-1.5.1.jar:/Users/hossein/.m2/repository/org/springframework/boot/spring-boot-starter-thymeleaf/3.1.2/spring-boot-starter-thymeleaf-3.1.2.jar:/Users/hossein/.m2/repository/org/thymeleaf/thymeleaf-spring6/3.1.1.RELEASE/thymeleaf-spring6-3.1.1.RELEASE.jar:/Users/hossein/.m2/repository/org/thymeleaf/thymeleaf/3.1.1.RELEASE/thymeleaf-3.1.1.RELEASE.jar:/Users/hossein/.m2/repository/org/attoparser/attoparser/2.0.6.RELEASE/attoparser-2.0.6.RELEASE.jar:/Users/hossein/.m2/repository/org/unbescape/unbescape/1.1.6.RELEASE/unbescape-1.1.6.RELEASE.jar:/Users/hossein/.m2/repository/org/springframework/boot/spring-boot-starter-test/3.1.2/spring-boot-starter-test-3.1.2.jar:/Users/hossein/.m2/repository/org/springframework/boot/spring-boot-test/3.1.2/spring-boot-test-3.1.2.jar:/Users/hossein/.m2/repository/org/springframework/boot/spring-boot-test-autoconfigure/3.1.2/spring-boot-test-autoconfigure-3.1.2.jar:/Users/hossein/.m2/repository/com/jayway/jsonpath/json-path/2.8.0/json-path-2.8.0.jar:/Users/hossein/.m2/repository/jakarta/xml/bind/jakarta.xml.bind-api/4.0.0/jakarta.xml.bind-api-4.0.0.jar:/Users/hossein/.m2/repository/jakarta/activation/jakarta.activation-api/2.1.2/jakarta.activation-api-2.1.2.jar:/Users/hossein/.m2/repository/net/minidev/json-smart/2.4.11/json-smart-2.4.11.jar:/Users/hossein/.m2/repository/net/minidev/accessors-smart/2.4.11/accessors-smart-2.4.11.jar:/Users/hossein/.m2/repository/org/ow2/asm/asm/9.3/asm-9.3.jar:/Users/hossein/.m2/repository/org/assertj/assertj-core/3.24.2/assertj-core-3.24.2.jar:/Users/hossein/.m2/repository/net/bytebuddy/byte-buddy/1.14.5/byte-buddy-1.14.5.jar:/Users/hossein/.m2/repository/org/hamcrest/hamcrest/2.2/hamcrest-2.2.jar:/Users/hossein/.m2/repository/org/junit/jupiter/junit-jupiter/5.9.3/junit-jupiter-5.9.3.jar:/Users/hossein/.m2/repository/org/junit/jupiter/junit-jupiter-api/5.9.3/junit-jupiter-api-5.9.3.jar:/Users/hossein/.m2/repository/org/opentest4j/opentest4j/1.2.0/opentest4j-1.2.0.jar:/Users/hossein/.m2/repository/org/junit/platform/junit-platform-commons/1.9.3/junit-platform-commons-1.9.3.jar:/Users/hossein/.m2/repository/org/apiguardian/apiguardian-api/1.1.2/apiguardian-api-1.1.2.jar:/Users/hossein/.m2/repository/org/junit/jupiter/junit-jupiter-params/5.9.3/junit-jupiter-params-5.9.3.jar:/Users/hossein/.m2/repository/org/junit/jupiter/junit-jupiter-engine/5.9.3/junit-jupiter-engine-5.9.3.jar:/Users/hossein/.m2/repository/org/junit/platform/junit-platform-engine/1.9.3/junit-platform-engine-1.9.3.jar:/Users/hossein/.m2/repository/org/mockito/mockito-core/5.3.1/mockito-core-5.3.1.jar:/Users/hossein/.m2/repository/net/bytebuddy/byte-buddy-agent/1.14.5/byte-buddy-agent-1.14.5.jar:/Users/hossein/.m2/repository/org/objenesis/objenesis/3.3/objenesis-3.3.jar:/Users/hossein/.m2/repository/org/mockito/mockito-junit-jupiter/5.3.1/mockito-junit-jupiter-5.3.1.jar:/Users/hossein/.m2/repository/org/skyscreamer/jsonassert/1.5.1/jsonassert-1.5.1.jar:/Users/hossein/.m2/repository/com/vaadin/external/google/android-json/0.0.20131108.vaadin1/android-json-0.0.20131108.vaadin1.jar:/Users/hossein/.m2/repository/org/springframework/spring-core/6.0.11/spring-core-6.0.11.jar:/Users/hossein/.m2/repository/org/springframework/spring-jcl/6.0.11/spring-jcl-6.0.11.jar:/Users/hossein/.m2/repository/org/springframework/spring-test/6.0.11/spring-test-6.0.11.jar:/Users/hossein/.m2/repository/org/xmlunit/xmlunit-core/2.9.1/xmlunit-core-2.9.1.jar:/Users/hossein/.m2/repository/org/springframework/boot/spring-boot-devtools/3.1.2/spring-boot-devtools-3.1.2.jar:/Users/hossein/.m2/repository/org/springframework/boot/spring-boot/3.1.2/spring-boot-3.1.2.jar:/Users/hossein/.m2/repository/org/springframework/boot/spring-boot-autoconfigure/3.1.2/spring-boot-autoconfigure-3.1.2.jar:/Users/hossein/.m2/repository/org/springframework/boot/spring-boot-starter-security/3.1.2/spring-boot-starter-security-3.1.2.jar:/Users/hossein/.m2/repository/org/springframework/spring-aop/6.0.11/spring-aop-6.0.11.jar:/Users/hossein/.m2/repository/org/springframework/security/spring-security-config/6.1.2/spring-security-config-6.1.2.jar:/Users/hossein/.m2/repository/org/springframework/security/spring-security-core/6.1.2/spring-security-core-6.1.2.jar:/Users/hossein/.m2/repository/org/springframework/security/spring-security-crypto/6.1.2/spring-security-crypto-6.1.2.jar:/Users/hossein/.m2/repository/org/springframework/security/spring-security-web/6.1.2/spring-security-web-6.1.2.jar:/Users/hossein/.m2/repository/org/springframework/boot/spring-boot-starter-actuator/3.1.2/spring-boot-starter-actuator-3.1.2.jar:/Users/hossein/.m2/repository/org/springframework/boot/spring-boot-actuator-autoconfigure/3.1.2/spring-boot-actuator-autoconfigure-3.1.2.jar:/Users/hossein/.m2/repository/org/springframework/boot/spring-boot-actuator/3.1.2/spring-boot-actuator-3.1.2.jar:/Users/hossein/.m2/repository/io/micrometer/micrometer-observation/1.11.2/micrometer-observation-1.11.2.jar:/Users/hossein/.m2/repository/io/micrometer/micrometer-commons/1.11.2/micrometer-commons-1.11.2.jar:/Users/hossein/.m2/repository/io/micrometer/micrometer-core/1.11.2/micrometer-core-1.11.2.jar:/Users/hossein/.m2/repository/org/hdrhistogram/HdrHistogram/2.1.12/HdrHistogram-2.1.12.jar:/Users/hossein/.m2/repository/org/latencyutils/LatencyUtils/2.0.3/LatencyUtils-2.0.3.jar:/Users/hossein/.m2/repository/org/springframework/boot/spring-boot-starter-data-rest/3.1.2/spring-boot-starter-data-rest-3.1.2.jar:/Users/hossein/.m2/repository/org/springframework/data/spring-data-rest-webmvc/4.1.2/spring-data-rest-webmvc-4.1.2.jar:/Users/hossein/.m2/repository/org/springframework/data/spring-data-rest-core/4.1.2/spring-data-rest-core-4.1.2.jar:/Users/hossein/.m2/repository/org/springframework/hateoas/spring-hateoas/2.1.2/spring-hateoas-2.1.2.jar:/Users/hossein/.m2/repository/org/springframework/plugin/spring-plugin-core/3.0.0/spring-plugin-core-3.0.0.jar:/Users/hossein/.m2/repository/org/atteo/evo-inflector/1.3/evo-inflector-1.3.jar:/Users/hossein/.m2/repository/com/fasterxml/jackson/core/jackson-annotations/2.15.2/jackson-annotations-2.15.2.jar:/Users/hossein/.m2/repository/org/springframework/boot/spring-boot-starter-logging/3.1.2/spring-boot-starter-logging-3.1.2.jar:/Users/hossein/.m2/repository/ch/qos/logback/logback-classic/1.4.8/logback-classic-1.4.8.jar:/Users/hossein/.m2/repository/ch/qos/logback/logback-core/1.4.8/logback-core-1.4.8.jar:/Users/hossein/.m2/repository/org/apache/logging/log4j/log4j-to-slf4j/2.20.0/log4j-to-slf4j-2.20.0.jar:/Users/hossein/.m2/repository/org/apache/logging/log4j/log4j-api/2.20.0/log4j-api-2.20.0.jar:/Users/hossein/.m2/repository/org/slf4j/jul-to-slf4j/2.0.7/jul-to-slf4j-2.0.7.jar:/Users/hossein/.m2/repository/org/springframework/boot/spring-boot-starter-mail/3.1.2/spring-boot-starter-mail-3.1.2.jar:/Users/hossein/.m2/repository/org/springframework/spring-context-support/6.0.11/spring-context-support-6.0.11.jar:/Users/hossein/.m2/repository/org/eclipse/angus/jakarta.mail/1.1.0/jakarta.mail-1.1.0.jar:/Users/hossein/.m2/repository/org/eclipse/angus/angus-activation/2.0.1/angus-activation-2.0.1.jar:/Users/hossein/.m2/repository/org/kie/kie-api/8.38.0.Final/kie-api-8.38.0.Final.jar:/Users/hossein/.m2/repository/org/slf4j/slf4j-api/2.0.7/slf4j-api-2.0.7.jar:/Users/hossein/.m2/repository/org/drools/drools-core/8.38.0.Final/drools-core-8.38.0.Final.jar:/Users/hossein/.m2/repository/org/kie/kie-internal/8.38.0.Final/kie-internal-8.38.0.Final.jar:/Users/hossein/.m2/repository/org/kie/kie-util-xml/8.38.0.Final/kie-util-xml-8.38.0.Final.jar:/Users/hossein/.m2/repository/org/drools/drools-wiring-api/8.38.0.Final/drools-wiring-api-8.38.0.Final.jar:/Users/hossein/.m2/repository/org/drools/drools-wiring-static/8.38.0.Final/drools-wiring-static-8.38.0.Final.jar:/Users/hossein/.m2/repository/org/drools/drools-io/8.38.0.Final/drools-io-8.38.0.Final.jar:/Users/hossein/.m2/repository/org/drools/drools-util/8.38.0.Final/drools-util-8.38.0.Final.jar:/Users/hossein/.m2/repository/commons-codec/commons-codec/1.15/commons-codec-1.15.jar:/Users/hossein/.m2/repository/org/drools/drools-compiler/8.38.0.Final/drools-compiler-8.38.0.Final.jar:/Users/hossein/.m2/repository/org/drools/drools-drl-parser/8.38.0.Final/drools-drl-parser-8.38.0.Final.jar:/Users/hossein/.m2/repository/org/drools/drools-drl-extensions/8.38.0.Final/drools-drl-extensions-8.38.0.Final.jar:/Users/hossein/.m2/repository/org/drools/drools-drl-ast/8.38.0.Final/drools-drl-ast-8.38.0.Final.jar:/Users/hossein/.m2/repository/org/drools/drools-kiesession/8.38.0.Final/drools-kiesession-8.38.0.Final.jar:/Users/hossein/.m2/repository/org/kie/kie-memory-compiler/8.38.0.Final/kie-memory-compiler-8.38.0.Final.jar:/Users/hossein/.m2/repository/org/drools/drools-ecj/8.38.0.Final/drools-ecj-8.38.0.Final.jar:/Users/hossein/.m2/repository/org/kie/kie-util-maven-support/8.38.0.Final/kie-util-maven-support-8.38.0.Final.jar:/Users/hossein/.m2/repository/org/antlr/antlr-runtime/3.5.2/antlr-runtime-3.5.2.jar:/Users/hossein/.m2/repository/org/drools/drools-decisiontables/8.38.0.Final/drools-decisiontables-8.38.0.Final.jar:/Users/hossein/.m2/repository/org/drools/drools-templates/8.38.0.Final/drools-templates-8.38.0.Final.jar:/Users/hossein/.m2/repository/org/mvel/mvel2/2.4.15.Final/mvel2-2.4.15.Final.jar:/Users/hossein/.m2/repository/org/apache/poi/poi-ooxml/5.1.0/poi-ooxml-5.1.0.jar:/Users/hossein/.m2/repository/org/apache/poi/poi-ooxml-lite/5.1.0/poi-ooxml-lite-5.1.0.jar:/Users/hossein/.m2/repository/org/apache/xmlbeans/xmlbeans/5.0.2/xmlbeans-5.0.2.jar:/Users/hossein/.m2/repository/org/apache/commons/commons-compress/1.21/commons-compress-1.21.jar:/Users/hossein/.m2/repository/commons-io/commons-io/2.11.0/commons-io-2.11.0.jar:/Users/hossein/.m2/repository/com/github/virtuald/curvesapi/1.06/curvesapi-1.06.jar:/Users/hossein/.m2/repository/org/apache/commons/commons-collections4/4.4/commons-collections4-4.4.jar:/Users/hossein/.m2/repository/org/apache/poi/poi/5.1.0/poi-5.1.0.jar:/Users/hossein/.m2/repository/org/apache/commons/commons-math3/3.6.1/commons-math3-3.6.1.jar:/Users/hossein/.m2/repository/com/zaxxer/SparseBitSet/1.2/SparseBitSet-1.2.jar:/Users/hossein/.m2/repository/org/projectlombok/lombok/1.18.34/lombok-1.18.34.jar:"/>
    <property name="sun.cpu.endian" value="little"/>
    <property name="user.home" value="/Users/hossein"/>
    <property name="user.language" value="en"/>
    <property name="java.specification.vendor" value="Oracle Corporation"/>
    <property name="java.version.date" value="2024-07-16"/>
    <property name="java.home" value="/Users/hossein/Library/Java/JavaVirtualMachines/corretto-21.0.4/Contents/Home"/>
    <property name="file.separator" value="/"/>
    <property name="basedir" value="/Users/hossein/Downloads/Updated_Project_Mongo"/>
    <property name="java.vm.compressedOopsMode" value="Zero based"/>
    <property name="line.separator" value="&#10;"/>
    <property name="java.vm.specification.vendor" value="Oracle Corporation"/>
    <property name="java.specification.name" value="Java Platform API Specification"/>
    <property name="apple.awt.application.name" value="ForkedBooter"/>
    <property name="surefire.real.class.path" value="/Users/hossein/Downloads/Updated_Project_Mongo/target/surefire/surefirebooter-20240802122531171_3.jar"/>
    <property name="sun.management.compiler" value="HotSpot 64-Bit Tiered Compilers"/>
    <property name="java.runtime.version" value="21.0.4+7-LTS"/>
    <property name="user.name" value="hossein"/>
    <property name="stdout.encoding" value="UTF-8"/>
    <property name="path.separator" value=":"/>
    <property name="os.version" value="12.7.6"/>
    <property name="java.runtime.name" value="OpenJDK Runtime Environment"/>
    <property name="file.encoding" value="UTF-8"/>
    <property name="java.vm.name" value="OpenJDK 64-Bit Server VM"/>
    <property name="java.vendor.version" value="Corretto-21.0.4.7.1"/>
    <property name="localRepository" value="/Users/hossein/.m2/repository"/>
    <property name="java.vendor.url.bug" value="https://github.com/corretto/corretto-21/issues/"/>
    <property name="java.io.tmpdir" value="/var/folders/xr/09nqsck93ys8sn5b1qzfd0bw0000gn/T/"/>
    <property name="idea.version" value="2021.3"/>
    <property name="java.version" value="21.0.4"/>
    <property name="user.dir" value="/Users/hossein/Downloads/Updated_Project_Mongo"/>
    <property name="os.arch" value="x86_64"/>
    <property name="java.vm.specification.name" value="Java Virtual Machine Specification"/>
    <property name="native.encoding" value="UTF-8"/>
    <property name="java.library.path" value="/Users/hossein/Library/Java/Extensions:/Library/Java/Extensions:/Network/Library/Java/Extensions:/System/Library/Java/Extensions:/usr/lib/java:."/>
    <property name="java.vm.info" value="mixed mode, sharing"/>
    <property name="stderr.encoding" value="UTF-8"/>
    <property name="java.vendor" value="Amazon.com Inc."/>
    <property name="java.vm.version" value="21.0.4+7-LTS"/>
    <property name="sun.io.unicode.encoding" value="UnicodeBig"/>
    <property name="java.class.version" value="65.0"/>
  </properties>
  <testcase name="testCheckSalaries" classname="com.wasl.drooldemo.DynamicRuleServiceTest" time="1.831">
    <system-err><![CDATA[WARNING: A Java agent has been loaded dynamically (/Users/hossein/.m2/repository/net/bytebuddy/byte-buddy-agent/1.14.5/byte-buddy-agent-1.14.5.jar)
WARNING: If a serviceability tool is in use, please run with -XX:+EnableDynamicAgentLoading to hide this warning
WARNING: If a serviceability tool is not in use, please run with -Djdk.instrument.traceUsage for more information
WARNING: Dynamic loading of agents will be disallowed by default in a future release
]]></system-err>
  </testcase>
</testsuite>